<?xml version="1.0" encoding="UTF-8"?>
<testsuites>
    <testsuite name="force.apex" timestamp="2020-08-26T15:58:14+10:00" hostname="https://agility-flow-8136-dev-ed.cs76.my.salesforce.com/" tests="32" failures="0"  errors="0"  time="1.77">
        <properties>
            <property name="outcome" value="Passed"/>
            <property name="testsRan" value="32"/>
            <property name="passing" value="32"/>
            <property name="failing" value="0"/>
            <property name="skipped" value="0"/>
            <property name="passRate" value="100%"/>
            <property name="failRate" value="0%"/>
            <property name="testStartTime" value="Aug 26, 2020 3:58 PM"/>
            <property name="testExecutionTime" value="1.77 s"/>
            <property name="testTotalTime" value="1.77 s"/>
            <property name="commandTime" value="12.27 s"/>
            <property name="hostname" value="https://agility-flow-8136-dev-ed.cs76.my.salesforce.com/"/>
            <property name="orgId" value="00D9D0000000knfUAA"/>
            <property name="username" value="test-kirkobdpgzf9@example.com"/>
            <property name="testRunId" value="7079D00000EQVSD"/>
            <property name="userId" value="0059D000001ZDavQAG"/>
            <property name="testRunCoverage" value="81%"/>
            <property name="orgWideCoverage" value="81%"/>
        </properties>
        <testcase name="testChangePasswordController" classname="ChangePasswordControllerTest" time="0.01">
        </testcase>
        <testcase name="testCommunitiesLandingController" classname="CommunitiesLandingControllerTest" time="0.01">
        </testcase>
        <testcase name="testCommunitiesLoginController" classname="CommunitiesLoginControllerTest" time="0.01">
        </testcase>
        <testcase name="testCommunitiesSelfRegConfirmController" classname="CommunitiesSelfRegConfirmControllerTest" time="0.01">
        </testcase>
        <testcase name="testCommunitiesSelfRegController" classname="CommunitiesSelfRegControllerTest" time="0.02">
        </testcase>
        <testcase name="validate_ContactController" classname="ContactControllerTest" time="0.41">
        </testcase>
        <testcase name="testForgotPasswordController" classname="ForgotPasswordControllerTest" time="0.01">
        </testcase>
        <testcase name="LightningForgotPasswordControllerInstantiation" classname="LightningForgotPasswordControllerTest" time="0.01">
        </testcase>
        <testcase name="testLightningForgotPasswordControllerInvalidUserName" classname="LightningForgotPasswordControllerTest" time="0.01">
        </testcase>
        <testcase name="testLightningForgotPasswordControllerWithNullCheckEmailRef" classname="LightningForgotPasswordControllerTest" time="0.01">
        </testcase>
        <testcase name="LightningLoginFormControllerInstantiation" classname="LightningLoginFormControllerTest" time="0.01">
        </testcase>
        <testcase name="testAuthConfig" classname="LightningLoginFormControllerTest" time="0.01">
        </testcase>
        <testcase name="testGetSelfRegistrationURL" classname="LightningLoginFormControllerTest" time="0.01">
        </testcase>
        <testcase name="testIsSelfRegistrationEnabled" classname="LightningLoginFormControllerTest" time="0.01">
        </testcase>
        <testcase name="testIsUsernamePasswordEnabled" classname="LightningLoginFormControllerTest" time="0.01">
        </testcase>
        <testcase name="testLoginWithInvalidCredentials" classname="LightningLoginFormControllerTest" time="0.01">
        </testcase>
        <testcase name="LightningSelfRegisterControllerInstantiation" classname="LightningSelfRegisterControllerTest" time="0.01">
        </testcase>
        <testcase name="testGetExtraFieldsInSelfRegistration" classname="LightningSelfRegisterControllerTest" time="0.02">
        </testcase>
        <testcase name="testGetNonEmptyExtraFields" classname="LightningSelfRegisterControllerTest" time="0.01">
        </testcase>
        <testcase name="testGetNullExtraFields" classname="LightningSelfRegisterControllerTest" time="0.01">
        </testcase>
        <testcase name="testIsValidPassword" classname="LightningSelfRegisterControllerTest" time="0">
        </testcase>
        <testcase name="testSelfRegisterWithCreatedAccount" classname="LightningSelfRegisterControllerTest" time="0.11">
        </testcase>
        <testcase name="testSelfRegisterWithProperCredentials" classname="LightningSelfRegisterControllerTest" time="0.01">
        </testcase>
        <testcase name="testSelfRegistration" classname="LightningSelfRegisterControllerTest" time="0.01">
        </testcase>
        <testcase name="testSiteAsContainerEnabled" classname="LightningSelfRegisterControllerTest" time="0.01">
        </testcase>
        <testcase name="testSave" classname="MyProfilePageControllerTest" time="0.15">
        </testcase>
        <testcase name="testSiteLoginController" classname="SiteLoginControllerTest" time="0.01">
        </testcase>
        <testcase name="testRegistration" classname="SiteRegisterControllerTest" time="0.01">
        </testcase>
        <testcase name="testGetPagedPropertyList" classname="TestPropertyController" time="0.14">
        </testcase>
        <testcase name="testGetPicturesNoResults" classname="TestPropertyController" time="0.13">
        </testcase>
        <testcase name="testGetPicturesWithResults" classname="TestPropertyController" time="0.46">
        </testcase>
        <testcase name="testGetPropertyList" classname="TestPropertyController" time="0.15">
        </testcase>
    </testsuite>
</testsuites>
